This is LuaTeX, Version 1.0.4 (TeX Live 2017)  (format=lualatex 2017.9.25)  30 OCT 2017 10:12
 restricted system commands enabled.
**theorie.tex
(./theorie.tex
LaTeX2e <2017-04-15>
Lua module: luaotfload-main 2017/01/29 2.80001 OpenType layout system.
Lua module: lualibs 2017-02-01 2.5 ConTeXt Lua standard libraries.
Lua module: lualibs-extended 2017-02-01 2.5 ConTeXt Lua libraries -- extended co
llection.(using write cache: /Users/caro/Library/texlive/2017/texmf-var/luatex-c
ache/generic)(using read cache: /usr/local/texlive/2017/texmf-var/luatex-cache/g
eneric /Users/caro/Library/texlive/2017/texmf-var/luatex-cache/generic)
luaotfload | conf : Root cache directory is /Users/caro/Library/texlive/2017/tex
mf-var/luatex-cache/generic/names.
luaotfload | init : Loading fontloader “fontloader-2017-02-11.lua” from kpse
-resolved path “/usr/local/texlive/2017/texmf-dist/tex/luatex/luaotfload/fontl
oader-2017-02-11.lua”.
Lua-only attribute luaotfload@state = 1
Lua-only attribute luaotfload@noligature = 2
Lua-only attribute luaotfload@syllabe = 3
luaotfload | init : Context OpenType loader version “3.027”
Inserting `luaotfload.node_processor' at position 1 in `pre_linebreak_filter'.
Inserting `luaotfload.node_processor' at position 1 in `hpack_filter'.
Inserting `luaotfload.define_font' at position 1 in `define_font'.
Lua-only attribute luaotfload_color_attribute = 4
luaotfload | conf : Root cache directory is /Users/caro/Library/texlive/2017/tex
mf-var/luatex-cache/generic/names.
Inserting `luaotfload.aux.set_sscale_dimens' at position 1 in `luaotfload.patch_
font'.
Inserting `luaotfload.aux.patch_cambria_domh' at position 2 in `luaotfload.patch
_font'.
Inserting `luaotfload.aux.fixup_fontdata' at position 1 in `luaotfload.patch_fon
t_unsafe'.
Inserting `luaotfload.aux.set_capheight' at position 3 in `luaotfload.patch_font
'.
Inserting `luaotfload.rewrite_fontname' at position 4 in `luaotfload.patch_font'
.
luaotfload | main : initialization completed in 0.156 seconds
Babel <3.10> and hyphenation patterns for 1 language(s) loaded.
! TeX capacity exceeded, sorry [parameter stack size=10000].
\@fileswithoptions #1->
                       \@ifnextchar [{\@fileswith@ptions #1}{\@fileswith@pti...
l.2 \usepackage{
              scrhack}
If you really absolutely need more capacity,
you can ask a wizard to enlarge me.



Here is how much of LuaTeX's memory you used:
 8 strings out of 494481
 100000,154059 words of node,token memory allocated 244 words of node memory still in use:
   1 dir, 35 glue_spec nodes
   avail lists: 2:12,3:1,4:1
 4255 multiletter control sequences out of 65536+600000
 14 fonts using 591679 bytes
 4289i,0n,10001p,37b,15s stack positions out of 5000i,500n,10000p,200000b,100000s
!  ==> Fatal error occurred, no output PDF file produced!
